# TLS secrets log file, generated by OpenSSL / Python
# TLS secrets log file, generated by OpenSSL / Python
SERVER_HANDSHAKE_TRAFFIC_SECRET 0ac8704576c9f0f224e534fd6781e00f756be1945aa30ff00ba55db4e5f04e32 8dc0b532149a9258e98d73e83feb90ee4705bc204463bab8ee46c701a93de0ca6d0d358675f160476abc9062f773a65e
EXPORTER_SECRET 0ac8704576c9f0f224e534fd6781e00f756be1945aa30ff00ba55db4e5f04e32 187c36fb0f4a606a869234066f3fac6a29559a432e29bc19fd08de012f9003a8469809fcffd444b1c96fb409bf6de725
SERVER_TRAFFIC_SECRET_0 0ac8704576c9f0f224e534fd6781e00f756be1945aa30ff00ba55db4e5f04e32 9ae8ec95377821db0849d6d5275f8b3ff48804895edaed6dcf188559d4451398f33f87e9429d0d91ec4790fb2c41cacf
CLIENT_HANDSHAKE_TRAFFIC_SECRET 0ac8704576c9f0f224e534fd6781e00f756be1945aa30ff00ba55db4e5f04e32 ef8cb72b1cc2d1134090bcceda6b7d27b150b31a014bb4d14190bcc5c61042870dc62d40e13215801151b4168addb0c8
CLIENT_TRAFFIC_SECRET_0 0ac8704576c9f0f224e534fd6781e00f756be1945aa30ff00ba55db4e5f04e32 6632599fdee594e90556818017160cc424f746fe692213c72bb089ff905830a7dd968615c9bf2a44c00dd83ff8677047
SERVER_HANDSHAKE_TRAFFIC_SECRET c55f16890def39fd5f0aa963178b349308a22a491a9404bcab70df5662714d12 8aaed5cbc42bab3045c5840be92943d253410a63dd1dfc784b13e018755436a29612c6ab57c42d8023f54f2c394b793c
EXPORTER_SECRET c55f16890def39fd5f0aa963178b349308a22a491a9404bcab70df5662714d12 7f7666c04673e8af0cb60268fd9eae6856a82607cd4707ed2b3eee65ad7f96de99041b03c4e9821347c49fdcfa9de07a
SERVER_TRAFFIC_SECRET_0 c55f16890def39fd5f0aa963178b349308a22a491a9404bcab70df5662714d12 dbcd6b3845f564eb7d4567ceaeececd25f3489016773eda6d52921ee2d2ba43b43d2de337ec95340e90788433d29e833
CLIENT_HANDSHAKE_TRAFFIC_SECRET c55f16890def39fd5f0aa963178b349308a22a491a9404bcab70df5662714d12 ecd202c6189b806396e8bf1bf5b629285b374fb211e752571c873c2658b6f9ff2520119e6b2c76dab6558aef03edafd2
CLIENT_TRAFFIC_SECRET_0 c55f16890def39fd5f0aa963178b349308a22a491a9404bcab70df5662714d12 ac4ed1c8505ac24afdfbae6848ab01caf5619ca39aa0903a21bd4c0ea1f10578d348e41edb9998e1cd84f7b49369d5a9
SERVER_HANDSHAKE_TRAFFIC_SECRET d4387f53cd8becfcf3b048e03b5419343a9b3f11ed680069e81d4f5eef9021a3 5c4254c609b5cb88b28b74998d59789f4c9ac1beee91712fdc70091afe00bb8bde4074035f29da713c497ba180a89ea9
EXPORTER_SECRET d4387f53cd8becfcf3b048e03b5419343a9b3f11ed680069e81d4f5eef9021a3 d3280fc34e746b7b4edeb0e2212d7478dce885bbd61af4696c02216e383a475b3f3bbf87f81f31179a04ff9edd9a7f32
SERVER_TRAFFIC_SECRET_0 d4387f53cd8becfcf3b048e03b5419343a9b3f11ed680069e81d4f5eef9021a3 783be52799029e1653ea819db3d6de9de7c9d23d60cc5baeb40556cc032292649114a2206a79235a380f44470abd8cd1
CLIENT_HANDSHAKE_TRAFFIC_SECRET d4387f53cd8becfcf3b048e03b5419343a9b3f11ed680069e81d4f5eef9021a3 96e3bc33e0b9f0e97684266485f3da4a20ad17e1e668008ebeab055b17d4d6a96eb67e5880649bd0a667ecf694af53e1
CLIENT_TRAFFIC_SECRET_0 d4387f53cd8becfcf3b048e03b5419343a9b3f11ed680069e81d4f5eef9021a3 90a94d9f98fa4257dc401e80c64bd960e2aa1fc077769df1577e4561b9d12b7859bf7061b064b3d1c076aa4f48e32846
SERVER_HANDSHAKE_TRAFFIC_SECRET ef2b45f6367c78547e7a7d5fa90b7c0a9fc59455a0f9bece6dac49abc8414bf1 5f80b7771ee4990df8dd3477cfa2c107989506cbd0d58db78e4ef8003882f9b1b59b757c17baf0b0911adc0f0a30e7a3
EXPORTER_SECRET ef2b45f6367c78547e7a7d5fa90b7c0a9fc59455a0f9bece6dac49abc8414bf1 99e786a100d4fb0556d1b6444ddba553be155160dc5691a63d4afa59034e34ecc78b239170d33fc28618b59eadeaabb3
SERVER_TRAFFIC_SECRET_0 ef2b45f6367c78547e7a7d5fa90b7c0a9fc59455a0f9bece6dac49abc8414bf1 befd586d1427e4b11e103c46d770f8090e7c6a3f444e57386256ddf9c8eb8549484d1a2974634f3ec0c3836cc63156c5
CLIENT_HANDSHAKE_TRAFFIC_SECRET ef2b45f6367c78547e7a7d5fa90b7c0a9fc59455a0f9bece6dac49abc8414bf1 89062303e4fc1a4e94767591054622024351a7eaa6ec64633fab0a1c7cfbe3ff0b9742722ba2790642b45a03336682bf
CLIENT_TRAFFIC_SECRET_0 ef2b45f6367c78547e7a7d5fa90b7c0a9fc59455a0f9bece6dac49abc8414bf1 07ac02c539ed05da3490ad9bea4c248bbcd3cfd41fea58e2ec666fd3989708d75e5a8554a59fa4db082a860c9c8c1266
SERVER_HANDSHAKE_TRAFFIC_SECRET 966a4eb97897454faa7c224ceb472483bb22ded42be3ab75ba42d5d2814a3a2a 10a16fecd4d6492044766a5d1abb070166347daa00aba42533fea8345de9101de3aa5158d0cb0e131253c78a414af55a
EXPORTER_SECRET 966a4eb97897454faa7c224ceb472483bb22ded42be3ab75ba42d5d2814a3a2a ee85e8050ec0ec8e3a7d15f6695661d45fa26e4af67d800dcc9287f1b2218ce9f887335ad53d67016ed71720895d0288
SERVER_TRAFFIC_SECRET_0 966a4eb97897454faa7c224ceb472483bb22ded42be3ab75ba42d5d2814a3a2a bb7a378019974e4108af321b2ca92fb16f72c2fb42aea989035d9a7470b8006589a6a383a6a76ad3ba74a7a4cf3c8daf
CLIENT_HANDSHAKE_TRAFFIC_SECRET 966a4eb97897454faa7c224ceb472483bb22ded42be3ab75ba42d5d2814a3a2a e2b1edfaa27ec694b4d4d66a3b55473d3b140a0635c789ba1453364ff0d46327a9aaabea2aa472c3eeeb23d1a8e0942e
CLIENT_TRAFFIC_SECRET_0 966a4eb97897454faa7c224ceb472483bb22ded42be3ab75ba42d5d2814a3a2a 0dcd5005da4514763789357da14c00a96ee2df86f5453619ab039c8c567be7392a938bc115d521a7bd9d384291c1ac23
SERVER_HANDSHAKE_TRAFFIC_SECRET 1195f53ab3226bf59c890dda2eed132ee11562150a5d321bfc08e626c30111d5 3325a5aff64feb6ee705acb9c2daab9e1755a69ae3e0212d18dee8a987873573b8891c4fb441178596ed53c2195d6ae7
EXPORTER_SECRET 1195f53ab3226bf59c890dda2eed132ee11562150a5d321bfc08e626c30111d5 941df611b4fb9bbd9dd9fc11aaab44b6800944decbaf623f47f3943b68e7da798e93526ea991960f7a0fd7dda8aec74a
SERVER_TRAFFIC_SECRET_0 1195f53ab3226bf59c890dda2eed132ee11562150a5d321bfc08e626c30111d5 f734c2cf6552e43abbd201ec0953d20dd648918b1e07757175f8936aee2e5b8ccdbd8407bcead5e0a0049633b42a7f64
CLIENT_HANDSHAKE_TRAFFIC_SECRET 1195f53ab3226bf59c890dda2eed132ee11562150a5d321bfc08e626c30111d5 2f36127c4309a84a0f7c9911087441cc47aae5b3eabacc4d514b5bb8b0ba0a50b1a23a96a8328405b352e70ca0b35d3f
CLIENT_TRAFFIC_SECRET_0 1195f53ab3226bf59c890dda2eed132ee11562150a5d321bfc08e626c30111d5 3e991c524e6463529627b8443e819adbfbcd2516908ff4c3a7ccd058cc56c74c96046a8bcaa0859611e6542a39248c75
SERVER_HANDSHAKE_TRAFFIC_SECRET 561ddf4fb8790c178f94da0421c38eca2361fc098d0af141c5afe128d3cc57c0 bce81acf70bd91702774864d94054af4b3c6f0c59733eaa6ed292a8cb8981de2e2c3430ba8f225049186576adc188d18
EXPORTER_SECRET 561ddf4fb8790c178f94da0421c38eca2361fc098d0af141c5afe128d3cc57c0 abf123fbd194d5a7c4ca18fae4373d50d365a2f1a774b4f3bfed6d0a62b256064a10d8e2351c27cf49962bb833b24101
SERVER_TRAFFIC_SECRET_0 561ddf4fb8790c178f94da0421c38eca2361fc098d0af141c5afe128d3cc57c0 6520d0dd542c5242bb61d49e5be00b77a3985abcf14ec6d776dafd4a2ccec365cfe4704deed1906957beecf076029a60
CLIENT_HANDSHAKE_TRAFFIC_SECRET 561ddf4fb8790c178f94da0421c38eca2361fc098d0af141c5afe128d3cc57c0 0268b07d69b6e058bc4fe836b3d4c8e391d95557cdff397a129e146f55775d392621144faff596924ac7b47babb066d0
CLIENT_TRAFFIC_SECRET_0 561ddf4fb8790c178f94da0421c38eca2361fc098d0af141c5afe128d3cc57c0 04591c237b22c9361f86daf4806b6871806a0fb8269b204af7e9d7f154978da38d01c9d2cace7eed826ca3e38d7389e4
SERVER_HANDSHAKE_TRAFFIC_SECRET b3ebdabdc36ff4a75ff11b12b76959d052b0af4fdca7cd43f5e85dcb22292c35 dafc4d3e7375ae93eb7aba3b4d6a6927c838c324519ca8cf8e28088d011e369766a7cacd03efbca7574cd750cdd17d98
EXPORTER_SECRET b3ebdabdc36ff4a75ff11b12b76959d052b0af4fdca7cd43f5e85dcb22292c35 17b7f5e0973bfed8065549c479a20f9d14ba96fd81078cb89c86494679a3ca69431596d084655729af2a751a8afda92b
SERVER_TRAFFIC_SECRET_0 b3ebdabdc36ff4a75ff11b12b76959d052b0af4fdca7cd43f5e85dcb22292c35 65b8fd937ab66300d55ad36c8302a99de3bc0e5c06c7c0f0ac30bf85e80a2aac42325d33a3bfd7a458ac507801e4566b
CLIENT_HANDSHAKE_TRAFFIC_SECRET b3ebdabdc36ff4a75ff11b12b76959d052b0af4fdca7cd43f5e85dcb22292c35 972e6067e0856e4802527d5d7672f87be230a6fe5c48605861e937d23d202646e9612021bc98dafca1afd959d8e5d105
CLIENT_TRAFFIC_SECRET_0 b3ebdabdc36ff4a75ff11b12b76959d052b0af4fdca7cd43f5e85dcb22292c35 e8b337976660f5483effb02dadc4b8cecffc628347c1be5390cd21fed812006d7eb62262d8aa77e3a6407e4f0fcd4e68
SERVER_HANDSHAKE_TRAFFIC_SECRET 7568083bf1299a10eaa0f7c51b04c0259469498e6ddf817c979fd18cd5f408c7 b2eee905a330efa4e6191b88974f41c4ad256203112d921497a6fa8cdd48576e0384d9bee107ab70c8c356a15c879870
EXPORTER_SECRET 7568083bf1299a10eaa0f7c51b04c0259469498e6ddf817c979fd18cd5f408c7 0f412c301c4dc21256e4cd2e2f0d78be25636d63cde3233f1d4d41ca68d87a9d05708a19f0ffe5e1d5cc73fdf90cc125
SERVER_TRAFFIC_SECRET_0 7568083bf1299a10eaa0f7c51b04c0259469498e6ddf817c979fd18cd5f408c7 65bbd51cac50ce4aec5fc18828d5b0e4230562c0aca3e63c1de67ff5fbcf4671da7fa6002c872b2d3277d852269434c7
CLIENT_HANDSHAKE_TRAFFIC_SECRET 7568083bf1299a10eaa0f7c51b04c0259469498e6ddf817c979fd18cd5f408c7 c2bf1c345cb33f8eb51a6427a0170dd5fd12ecad74a4a52599fc002bcd4eda7f0869ad5bfa71777053e80ab483d0de2e
CLIENT_TRAFFIC_SECRET_0 7568083bf1299a10eaa0f7c51b04c0259469498e6ddf817c979fd18cd5f408c7 f46963d170beeaab1c721c4b0bcd31ad8705cfe8f081ad5e1856b099262581336b64344addde4219f694e25436fc04fe
SERVER_HANDSHAKE_TRAFFIC_SECRET 70a62dedeca914beed038f4730bf0defc21e37b2ee665ecbbbef06c82e676a45 749914b5e7180bcfcb9a368056b082104913cd4263d5d636890874d583d7dec651726afa6e2d5e79887d5221f9825095
EXPORTER_SECRET 70a62dedeca914beed038f4730bf0defc21e37b2ee665ecbbbef06c82e676a45 fab217d816ef7cd63a585fc8ab017157529d12ed2480782256791b985e6339e17b49f540663a280f7086320c9c5d51cb
SERVER_TRAFFIC_SECRET_0 70a62dedeca914beed038f4730bf0defc21e37b2ee665ecbbbef06c82e676a45 c50b29c22ddb388c856ecd61f5a886ebdbd24c870e0fc4be44ff00233d6851f5e0d965540748e4389d45967c435d7d5e
CLIENT_HANDSHAKE_TRAFFIC_SECRET 70a62dedeca914beed038f4730bf0defc21e37b2ee665ecbbbef06c82e676a45 c308430bfff69ee37c0095a02e13240c771ea53d191b0440b20d182e112550d3378aee10a6ec63cdeb298173de3210ed
CLIENT_TRAFFIC_SECRET_0 70a62dedeca914beed038f4730bf0defc21e37b2ee665ecbbbef06c82e676a45 4d91bfac8ef9f827dd3abc560941015b2f2c8d19f682cf7965ce1cd87b4c92b5c8f80f02c52434bfadd5816d4c32284f
SERVER_HANDSHAKE_TRAFFIC_SECRET 40c5bf1cba693d7d00c38795d7dcf026be9ece0bfe8dade52bc56da1357f9ba7 df72794f660dd0482e03fd58d2a56f6d56565d98edec1b3b84c15a83abbdb77f493a3f3ab153ebea19c2ce8a949f2263
EXPORTER_SECRET 40c5bf1cba693d7d00c38795d7dcf026be9ece0bfe8dade52bc56da1357f9ba7 6402eac212da7d11939e81dd4f48650a82ec10cb43f1ba95a38471c25f13e307529071351f33127f02156107c8e13393
SERVER_TRAFFIC_SECRET_0 40c5bf1cba693d7d00c38795d7dcf026be9ece0bfe8dade52bc56da1357f9ba7 b1a27829cc7def233ea2e1507512e802d47a305d3900c573897f556e52c2e0155e08144168ceac5e880a7a0e814d8d22
CLIENT_HANDSHAKE_TRAFFIC_SECRET 40c5bf1cba693d7d00c38795d7dcf026be9ece0bfe8dade52bc56da1357f9ba7 2ad0b2c7a670903905691ad1e8df9029430e88a69fc08a24adbbd1d4793cf1830373da306db234d6701ee8c5663a262d
CLIENT_TRAFFIC_SECRET_0 40c5bf1cba693d7d00c38795d7dcf026be9ece0bfe8dade52bc56da1357f9ba7 70f042278cf0423d14a9b1d4b9b830f10757322795329355151784976a819e773393fd981d2373762eb647e6d574ccc2
SERVER_HANDSHAKE_TRAFFIC_SECRET 03a380c38acc12be6f8692f78f6eac3eec596289dfef0cd726861c2685a2852d 331367d5f84291078431b6b9388cf7048be3668c6eb6b91ce493a494ce671ee0b08bd6b3a6551bc61b041c522904bf5f
EXPORTER_SECRET 03a380c38acc12be6f8692f78f6eac3eec596289dfef0cd726861c2685a2852d 8924b28c3c966de05ab89b8254fa4e518462ae0015e1f84132bb79fdcb002efb651a502c8ab10632310791da4c0aab37
SERVER_TRAFFIC_SECRET_0 03a380c38acc12be6f8692f78f6eac3eec596289dfef0cd726861c2685a2852d b466fc8ef8e0e9003d018b2659f0aa64e47d45d09933239b4b82218304ce0ecac1e97b40db08b0898072adcacea5bef3
CLIENT_HANDSHAKE_TRAFFIC_SECRET 03a380c38acc12be6f8692f78f6eac3eec596289dfef0cd726861c2685a2852d 51fe3687de62a6e707e02c3b322cdd57df6eb4fbcab0b660062d71f92358d6372e59bce018a2bf70cb92b9d3e765231c
CLIENT_TRAFFIC_SECRET_0 03a380c38acc12be6f8692f78f6eac3eec596289dfef0cd726861c2685a2852d b1963a42fca4b1b9a2e93d2c9b300a27945beb596e3efe8e668a20afc25fc13506131d5121c96b9f9771d92c98298914
SERVER_HANDSHAKE_TRAFFIC_SECRET 8ba8d95f365f88c011e61223fac9c2772067dc2fa25a81c2d9b6fcd8fe6db91c 54deeed046f974d2249e205ce2e1b113bfba6d1dcc7e600798e0b79a5f04338d1bda4341efad229a41e3f3a09989a6a1
EXPORTER_SECRET 8ba8d95f365f88c011e61223fac9c2772067dc2fa25a81c2d9b6fcd8fe6db91c 0a8d64ae510726afb7fc778be4954027af280cdcf00cc7fe4f655dfcaeabf43ca9e4b3e6070573dace081ae22f295f01
SERVER_TRAFFIC_SECRET_0 8ba8d95f365f88c011e61223fac9c2772067dc2fa25a81c2d9b6fcd8fe6db91c 7ba0c7a805382d949b18d9d2066e81f1373d914dd2afba3f2a8cf05d196ec59a64f5df631408d65230b941ae5b4d5c12
CLIENT_HANDSHAKE_TRAFFIC_SECRET 8ba8d95f365f88c011e61223fac9c2772067dc2fa25a81c2d9b6fcd8fe6db91c ca17734157610e08e3f381de2a423a0d29c98fde257828f51bdf5e0d732d2db8b1cd8039b164de1196a6afd5c1a5e11c
CLIENT_TRAFFIC_SECRET_0 8ba8d95f365f88c011e61223fac9c2772067dc2fa25a81c2d9b6fcd8fe6db91c 52e2ab172c19f4bf41f814b8eb9f372b893ea63ab61ff99faa5fe85eef038d1673d65e6dd039ccd7aacf9a39decdc4fe
SERVER_HANDSHAKE_TRAFFIC_SECRET 48b18029b86c5e362a6276aaf098ab56f8c2107b747e3fb4d21e2e72d17c90c6 603549ce4de2f687d55135b5d2bb6b4ec1550ae66e81ac94667875b15f1b16c6f7e61bbfdfdf074ddcc7bc8d306573e7
EXPORTER_SECRET 48b18029b86c5e362a6276aaf098ab56f8c2107b747e3fb4d21e2e72d17c90c6 a665911f90098e2b7fd86e4fb7560286affed10f8c97c381248806a71332c7e16d409d084c8231937ff70fd0a3fb2fa2
SERVER_TRAFFIC_SECRET_0 48b18029b86c5e362a6276aaf098ab56f8c2107b747e3fb4d21e2e72d17c90c6 c223c1dde9a331c1a4351c1887842de9d1c83d9f69f7b329dd190c37095f7668014b5f88e7e581b8c95bc9f0b999ada4
CLIENT_HANDSHAKE_TRAFFIC_SECRET 48b18029b86c5e362a6276aaf098ab56f8c2107b747e3fb4d21e2e72d17c90c6 9a86a3b36a9cb2147c8ddf3cd7d8d284ff0d96d7a76a537c1dbd783409c1093f5cdcca33640e501ad9255ccf455e55ed
CLIENT_TRAFFIC_SECRET_0 48b18029b86c5e362a6276aaf098ab56f8c2107b747e3fb4d21e2e72d17c90c6 08d496e8c7e5b0a0120e4b547507356e9b216f71b0eb24de3a71811fd98faddf5d0a91506465453298caa6af8d38d90d
SERVER_HANDSHAKE_TRAFFIC_SECRET 2d87ce740d94da216891855ec98a59a37646ea88b473a948df3870f5d24bd33e 29a5e21613960f56e254b397189650078a19510ab3a8f5aa3fa4dce0e9bf243e73bdeccef080aabfbbbe86c4b6dd63e4
EXPORTER_SECRET 2d87ce740d94da216891855ec98a59a37646ea88b473a948df3870f5d24bd33e 25146fbc2f622a0ac579c5abe96a3809f8812cda3bb834d69f538f8102b9b2ef316af7f15d5a714941eeb46d947a8e90
SERVER_TRAFFIC_SECRET_0 2d87ce740d94da216891855ec98a59a37646ea88b473a948df3870f5d24bd33e dcf5843c00c8a82603cd057b2acb8919227bfb99b6ae195fbb7e6bf6edf734367baee5775f161a909a2138b5f8b6ec72
CLIENT_HANDSHAKE_TRAFFIC_SECRET 2d87ce740d94da216891855ec98a59a37646ea88b473a948df3870f5d24bd33e 8194d199225658646f36dcf811a2ee18b594cac98fe25e15e241915c2f3372c2c5244640065c896cc23e0bfdc02daf51
CLIENT_TRAFFIC_SECRET_0 2d87ce740d94da216891855ec98a59a37646ea88b473a948df3870f5d24bd33e 13ae98301abf25f703d8fca24960650f7c89d61e01d6bd9006b720573d799c7fcf02b7333ef096cb03041fee4e0743a2
SERVER_HANDSHAKE_TRAFFIC_SECRET 42265993252a0d96e8ac6d2067a7dcdc7d9ea337a1191562e42383524177fd62 56ca04d2bf6578ab18be3a235a4fc068ebf42de0fc00cf1fbe46651e4fb15814563780285a799a2494df3162319d9dee
EXPORTER_SECRET 42265993252a0d96e8ac6d2067a7dcdc7d9ea337a1191562e42383524177fd62 985de8aec1049abd63a43bdbc5d09c9e61ed6874cdc423cabe457e4e6927dea71b43f32feac78e47b509906bfa4fe103
SERVER_TRAFFIC_SECRET_0 42265993252a0d96e8ac6d2067a7dcdc7d9ea337a1191562e42383524177fd62 a129f17f62aeb2e91cfad1836629b14d1f57c85c2c034d2e8182822f74a2029afb01538fe93a3059e2f179fd38ed17c7
CLIENT_HANDSHAKE_TRAFFIC_SECRET 42265993252a0d96e8ac6d2067a7dcdc7d9ea337a1191562e42383524177fd62 7f5f634f9d8c63c63404a1b25d7567684dc5a5812ae9f9083de89ccf05e671bc88c02024d709173d21dfede44aa5b5db
CLIENT_TRAFFIC_SECRET_0 42265993252a0d96e8ac6d2067a7dcdc7d9ea337a1191562e42383524177fd62 eb9e4cd1311981076639107d14ef9a236045beabc7ddff7d94af84ad205f8bfea71a14e4e2dc0875df7e5dac82361ced
SERVER_HANDSHAKE_TRAFFIC_SECRET 226f62cd82b4b5d2c89b905653506d0b63fb52714080e6e0f4c8f738c5c6e1cf a9bfdbc3da55a8ab3834ea87a6cb87544c41cb82acfe299f4f0032797be543bf72f2dfee7b25c237f2fa387358ecbb92
EXPORTER_SECRET 226f62cd82b4b5d2c89b905653506d0b63fb52714080e6e0f4c8f738c5c6e1cf 849900f8f92dded305c34c711b5c6fa9edb474602a512df7ed44c48e90ad3c259e9a50b090f27eb72355f96a2eb4a9f7
SERVER_TRAFFIC_SECRET_0 226f62cd82b4b5d2c89b905653506d0b63fb52714080e6e0f4c8f738c5c6e1cf 5af3ccc81dc5fa81edfad0fa636eb4550a216600139c3acc331dff5b7b2d27b58a8a343cadf79fc6d4fd091c1a903497
CLIENT_HANDSHAKE_TRAFFIC_SECRET 226f62cd82b4b5d2c89b905653506d0b63fb52714080e6e0f4c8f738c5c6e1cf 6df70f71cfca206ca1de2b28558b906d3e1cd91d30ac725be3b42dded4389aa6c2b320fd827aa16123d43e4064a7d1da
CLIENT_TRAFFIC_SECRET_0 226f62cd82b4b5d2c89b905653506d0b63fb52714080e6e0f4c8f738c5c6e1cf 00e99cdce675223ef29e54c91b50ed46b4c5e59d1cba9dfa496f3e4267cea81d0233996df3a93c77b05024875c825adc
SERVER_HANDSHAKE_TRAFFIC_SECRET cf9e45c628c8c63970df726f15f8a87a4b52f0254dda1f9acd55e480864f533a 6e2816b16ac248fa9345247da022d548836d4e85a80d7aa5ae39f8ebb0a43e602d8c3f8fdec3fd3113906dd7e31ecf31
EXPORTER_SECRET cf9e45c628c8c63970df726f15f8a87a4b52f0254dda1f9acd55e480864f533a 4f26bb0c2d0d984fccf5e9f6634da8555c1d87a01a4fe99f1105618445671e3124c8474bd15518f06f082209248f0e4c
SERVER_TRAFFIC_SECRET_0 cf9e45c628c8c63970df726f15f8a87a4b52f0254dda1f9acd55e480864f533a 38b90cffeeee19848801448297f5be5757a6f485d82cd1ab296b323522628a67e2a6b03f828c06d5b60dbcf72f8ef08e
CLIENT_HANDSHAKE_TRAFFIC_SECRET cf9e45c628c8c63970df726f15f8a87a4b52f0254dda1f9acd55e480864f533a a4c2e8500ff923017abb961743d3019adfec8353bf2e8cc78d39c0d204b3527267b042c65ecf57cabca8ae02f23d37e2
CLIENT_TRAFFIC_SECRET_0 cf9e45c628c8c63970df726f15f8a87a4b52f0254dda1f9acd55e480864f533a 250d97d31c36002c6444b330d11eadb7538cf6aa0ad201b4c7f334be7799b42ee19e964df2f3b2e08588573a85431c0b
SERVER_HANDSHAKE_TRAFFIC_SECRET 8d1de28bb73c6f5c89544fe75332041032823251f5c39de2847edb4163c8fcf2 be16ad88124d141903d220e270bf4dbad068ce31e4bfda200e9955fc4958932560dabf20a7e0b8e1090ecb8de3e8a07d
EXPORTER_SECRET 8d1de28bb73c6f5c89544fe75332041032823251f5c39de2847edb4163c8fcf2 0843529e9f035a89c159f35d4bb8c8bd7ee5b577ffa57cfc74b0c8fcdd8115d1882b17a53e3a1f5f18c88e156815c9ce
SERVER_TRAFFIC_SECRET_0 8d1de28bb73c6f5c89544fe75332041032823251f5c39de2847edb4163c8fcf2 4f020df29f33b5ccd6c1ef075c5d8d6a15311321ad4acc93901ee4be70f3048bebea46de094bafcb8a92d230ec2ddcee
CLIENT_HANDSHAKE_TRAFFIC_SECRET 8d1de28bb73c6f5c89544fe75332041032823251f5c39de2847edb4163c8fcf2 894e8893635555c808a220865f26badb3a3d068cab81b8b9dc3c4e0e18e95148d814bc45493f736e00525722117004d2
CLIENT_TRAFFIC_SECRET_0 8d1de28bb73c6f5c89544fe75332041032823251f5c39de2847edb4163c8fcf2 caab2db98edbfe40bb63c2ebb199f99a1020f63a9c5dc4e942e1ddc5a75721cc30e8433b27f594148597db5913cca205
SERVER_HANDSHAKE_TRAFFIC_SECRET 201a3f03b6801b74e2304efd919c9dfbc7c4e2d2a60f6fb2442e5f8bd2633cf9 319877b5537383cfc16df1421acf25e67e54ab4dd0c2a90dab4a9e27f29f56b670f26776b06bd7616bd6fdc7d179bf1e
EXPORTER_SECRET 201a3f03b6801b74e2304efd919c9dfbc7c4e2d2a60f6fb2442e5f8bd2633cf9 8ab838e864d3fcd2914ac1044e0bc19cf34a4308a0bc8e3938b0f74adc0c00d01b264db34c69e63a4776b47aba3b2279
SERVER_TRAFFIC_SECRET_0 201a3f03b6801b74e2304efd919c9dfbc7c4e2d2a60f6fb2442e5f8bd2633cf9 ecba2d402c3ef0b50000e51812279d9f426f9c9964d3d37d08ee213ede5d9a25fd0a3226908905ea46d5dfe2b7b0b5df
CLIENT_HANDSHAKE_TRAFFIC_SECRET 201a3f03b6801b74e2304efd919c9dfbc7c4e2d2a60f6fb2442e5f8bd2633cf9 58d3eeaeec814937cc9648549a354311a3ff3e93cd7a5c3fb35d80f5c631b3c2f2977516d61562d13a7a541e35c9a856
CLIENT_TRAFFIC_SECRET_0 201a3f03b6801b74e2304efd919c9dfbc7c4e2d2a60f6fb2442e5f8bd2633cf9 1d3fd46403192891110fb78dac14eaebc05958c0535639d23fe41ac0bac9ca7ab36b6e55709c608cf8726f61f66b3cfb
SERVER_HANDSHAKE_TRAFFIC_SECRET 6309854b5c0dfd5053b2642895e00062ffd433a721877c6772fe5a02dd1130fd c8ecdb83189a5c1d400c8020ebc041dc8400de42d4955df04aeec0e3824c13c35f97d0031312e01ab145728ac1b7cae1
EXPORTER_SECRET 6309854b5c0dfd5053b2642895e00062ffd433a721877c6772fe5a02dd1130fd a58535185b8e18ee3ccfcf66a97c2b890f29a7171a2f20c85fb7f271a85e4d558b6b81d2fd399572baec562f44361e69
SERVER_TRAFFIC_SECRET_0 6309854b5c0dfd5053b2642895e00062ffd433a721877c6772fe5a02dd1130fd 4042556256cc8d815f460e4eed63d5a771ece05a10252d597ad822b90ff7492953d2e08f47c2b2ff1b306336d4f98003
CLIENT_HANDSHAKE_TRAFFIC_SECRET 6309854b5c0dfd5053b2642895e00062ffd433a721877c6772fe5a02dd1130fd e6715bed0b689fd048c12cef92d0573291bab45bdb598824fafe53f9975a911fc4deafeb440b10696993bf2ca843cbf3
CLIENT_TRAFFIC_SECRET_0 6309854b5c0dfd5053b2642895e00062ffd433a721877c6772fe5a02dd1130fd bbf5d7d840cb7e0f2da501c80f22cd928323d0f51385779412a7a58f294774a577f7092ee9d41452189bbb3e8d7521d7
SERVER_HANDSHAKE_TRAFFIC_SECRET ea686076ca54d2113f99f5b9a6ad367d285f14203a6280913eaf52a648f7290d 77da46fd202f501bc8e0f860c03e89ad4f425cc3133cae13c6c45d07cf1ef5751f55c1caf95b558a666c924f4bc5b2ea
EXPORTER_SECRET ea686076ca54d2113f99f5b9a6ad367d285f14203a6280913eaf52a648f7290d d8208a22c7f6bff2c66edabb36762fdfdcb762154ab81c3b979876c28878146578a8b9220dcba0848f183b30d4d9b1d4
SERVER_TRAFFIC_SECRET_0 ea686076ca54d2113f99f5b9a6ad367d285f14203a6280913eaf52a648f7290d d4ccc1d1355f6e886bc483d52125f1e268c083054151d2450e10905d06fe9ab5110c9da273056ffcc50a4b825711ffa6
CLIENT_HANDSHAKE_TRAFFIC_SECRET ea686076ca54d2113f99f5b9a6ad367d285f14203a6280913eaf52a648f7290d a931900223b31b5781bc34ab0d97f3f801c23e5c2b13b68710d0cdb162447bbe68c0db8c20ec2d4969ba1d8165afc2a9
CLIENT_TRAFFIC_SECRET_0 ea686076ca54d2113f99f5b9a6ad367d285f14203a6280913eaf52a648f7290d 4c4d1c80fbb68cfe16b852852d105f104dacade86aa643d51a84c5f263e4dd8cec5aabfb0b4c2cca8794855402a57c13
SERVER_HANDSHAKE_TRAFFIC_SECRET dabcd9260228a05621e8b66f4e9ffccab00021cc6f02d0dec8cfc5425218c9b3 2d72b8bacf38f8c3a34fe0482cd7253cb191d92141a22901b6ac5826221b385da401749e49f23b0ac2b3cfb4b2a48074
EXPORTER_SECRET dabcd9260228a05621e8b66f4e9ffccab00021cc6f02d0dec8cfc5425218c9b3 3d83ce0900f7999fc1a434edf2b448b3120b26c8d7abf154f145b408c0fc3597498fadc78e0cc829cdcfe2b5f7e60cfb
SERVER_TRAFFIC_SECRET_0 dabcd9260228a05621e8b66f4e9ffccab00021cc6f02d0dec8cfc5425218c9b3 35cdf425dbefa47a087949451841cfdfbcc9c7143f129ce1bebdc1a4db8bcc9088525e7e75408b475ead2a04b3aa54f3
CLIENT_HANDSHAKE_TRAFFIC_SECRET dabcd9260228a05621e8b66f4e9ffccab00021cc6f02d0dec8cfc5425218c9b3 96a96c8e1ff066042186f648d7534e9e6ff0c1f1b61009a831a2ba01b97e9753dc31559c2f71341594507af77a23ee31
CLIENT_TRAFFIC_SECRET_0 dabcd9260228a05621e8b66f4e9ffccab00021cc6f02d0dec8cfc5425218c9b3 5609707e5802d6baa03d01540655f9449c1d04466328a4fcf3fd7f61e4c3f02d8c830db361e863236267220d382953c8
SERVER_HANDSHAKE_TRAFFIC_SECRET a6014879023e6e1cd34ae01ba2952b480bf0c8b648e0429e57214b7b100d3fb8 a70193b85b81c2b2a109bc4563182781bdc50857530b1af11706fe7252e3cd10626dc6ccd509c2f12ec27c56141563fe
EXPORTER_SECRET a6014879023e6e1cd34ae01ba2952b480bf0c8b648e0429e57214b7b100d3fb8 6e62c66fbf368018b0c973686571e1e70459763b069fa1866f02fe90920fe862a3aed13c5a32c545ceb18e96c58d049a
SERVER_TRAFFIC_SECRET_0 a6014879023e6e1cd34ae01ba2952b480bf0c8b648e0429e57214b7b100d3fb8 af536f8c8cad5ca9a7ef350bf3c2cad31bf9a479799a7130a5e313f116feb5b8caf138b0796f2746d84be4349780b0e3
CLIENT_HANDSHAKE_TRAFFIC_SECRET a6014879023e6e1cd34ae01ba2952b480bf0c8b648e0429e57214b7b100d3fb8 78d7dca01217ea134721a4cc154b5b04a8019e1aadfe5e8d6c97b1fc374dee058ce75b48bc39c0b5a82c809200925d49
CLIENT_TRAFFIC_SECRET_0 a6014879023e6e1cd34ae01ba2952b480bf0c8b648e0429e57214b7b100d3fb8 441ecd2535588eaecee0a28d3e99b3f446edda040767a06dd556708aa3c48603f17ccb5534736ebd8117c037376e4491
SERVER_HANDSHAKE_TRAFFIC_SECRET c122af8ef669eec09fb35ed3e3dbedab770f34151dc04bc00c8c913676171e77 bcad67b4af4d757b35e363a130c03f3abbec7347dc5e629d679c0d5432355ac01ee8ad763f830126ba175418099416bf
EXPORTER_SECRET c122af8ef669eec09fb35ed3e3dbedab770f34151dc04bc00c8c913676171e77 7e6c60513ecdaca8e40ba1e1e637731ffbb5dd7680c3388d241d143fd1faf0c338b8b2a8f76a573c522a61d000dd6bed
SERVER_TRAFFIC_SECRET_0 c122af8ef669eec09fb35ed3e3dbedab770f34151dc04bc00c8c913676171e77 4a051b7b99f210db2d69d9d1fb602740c21bb459e3583185243c7d8c03636e82ff10d048363183b3e3b3b068a2d40952
CLIENT_HANDSHAKE_TRAFFIC_SECRET c122af8ef669eec09fb35ed3e3dbedab770f34151dc04bc00c8c913676171e77 55a4addecf1f7782547ad970c6fbfbab570b7a903f691f6bfea20a640bc45d8ddc3cb0d6c2944b8b9a362a7c6e58a91b
CLIENT_TRAFFIC_SECRET_0 c122af8ef669eec09fb35ed3e3dbedab770f34151dc04bc00c8c913676171e77 c0fbcc1def281ca633a6cb18c9a02c14663a454e6d3a39dedffe439b4c7f803fe0af1d039d53a5691a44df02c20a8b57
SERVER_HANDSHAKE_TRAFFIC_SECRET dcea9d3893054b795b5508585919695d95505842975ff5a64bfcff72063f33c1 1681b5adda5e2c2c78065069a85ea60d6147b94339194298dcf149248635c935b0b6b0c70561895b667f9146b062936d
EXPORTER_SECRET dcea9d3893054b795b5508585919695d95505842975ff5a64bfcff72063f33c1 3b5b3b639790aacc03cfd0cf61c87c77c21d70bf8785aec39117019495cd3d3b2a0f97771d44e7cdfdcddd8f3c1ad393
SERVER_TRAFFIC_SECRET_0 dcea9d3893054b795b5508585919695d95505842975ff5a64bfcff72063f33c1 df2234585762c8fc14becf05ff7a4f81f6b61ab5b3f97fea0497b226f56d443e85a8badf62bc6ffcefa481943fe57fc6
CLIENT_HANDSHAKE_TRAFFIC_SECRET dcea9d3893054b795b5508585919695d95505842975ff5a64bfcff72063f33c1 e14a839246e0b73564689a2ea99ef126b1febbd1ae5febbda4652523aa9c0a0657dd08a0a85bd0aa98989b6310d80dae
CLIENT_TRAFFIC_SECRET_0 dcea9d3893054b795b5508585919695d95505842975ff5a64bfcff72063f33c1 7a3f41a44cdac5de84fb1871a65193b719c6d335e1cb6e408cf9ac65ee8e9a9bd288229de83ee9f7a33681b577569cb7
SERVER_HANDSHAKE_TRAFFIC_SECRET f6043b012a84e307b8b3dea029c1edc83237b7750dbb4893c826fd82f5e44e5a 5b318078992365ddf44ba8492ba6cdb23a4a26aa15799b151d2f4e3ba3281c8843939a04b6e9a6ae1f5e9a735415be3c
EXPORTER_SECRET f6043b012a84e307b8b3dea029c1edc83237b7750dbb4893c826fd82f5e44e5a ce97c40b1db5d37e9a77544e20bab74c7d22488f27062b7b9d7895709b3ba398eb46000fa1a812cb99200d461fa177cb
SERVER_TRAFFIC_SECRET_0 f6043b012a84e307b8b3dea029c1edc83237b7750dbb4893c826fd82f5e44e5a 168a340461f41bf89faedfc865ab7403becea1849190f282b3fc7e61a827c67c910d0bd79c278d69a0070d0c53ba904e
CLIENT_HANDSHAKE_TRAFFIC_SECRET f6043b012a84e307b8b3dea029c1edc83237b7750dbb4893c826fd82f5e44e5a 58e0da6d32f2f795c8f27b8e99f17de9caff270b2ef99ca495af1d4f7f6aedbec64f827de6e743ceccbc55fef8773006
CLIENT_TRAFFIC_SECRET_0 f6043b012a84e307b8b3dea029c1edc83237b7750dbb4893c826fd82f5e44e5a e9f106e5735ab6add658ec8d878a971c9fd5d11aa84bda964f40e8319bafcce0927080594f704cc12d19a50cc7003b38
SERVER_HANDSHAKE_TRAFFIC_SECRET 8fc3b4d12fd5e870b9dc7b5a489d027be2e051abab8b135a308fd3946baf7581 0db444f96515b20e5303de4ea3f4521b24e1f032a295d81a9dbaed71ba845ff166cecc63342194fcce1fa36cb6f29ef7
EXPORTER_SECRET 8fc3b4d12fd5e870b9dc7b5a489d027be2e051abab8b135a308fd3946baf7581 093ae6a84465641a7586e28acc6efd3c70c4a00eaf07ab15c8dd1fbeb25fadf0abfb07ed51e0ff925377218619bc2b56
SERVER_TRAFFIC_SECRET_0 8fc3b4d12fd5e870b9dc7b5a489d027be2e051abab8b135a308fd3946baf7581 ec6d369c0bf700d50c58ec23b9d411d5bca7db2bbf1faa17b3de2d679117c3c13d07cfff2650bf0978826b1b50403424
CLIENT_HANDSHAKE_TRAFFIC_SECRET 8fc3b4d12fd5e870b9dc7b5a489d027be2e051abab8b135a308fd3946baf7581 5f9cf12c9bbfda3a2e0a23c6e282a2e6c79f88f09c3684659d984e513e998a62cf97584e6420b54ba57490c087c62be0
CLIENT_TRAFFIC_SECRET_0 8fc3b4d12fd5e870b9dc7b5a489d027be2e051abab8b135a308fd3946baf7581 f37cfdde298104582cc0c61ebab5576b964c03e2816230849adfea0bc6fbad43633e905050fc2fa2ead1c2dc089115b3
SERVER_HANDSHAKE_TRAFFIC_SECRET bb9286e29df9696aac46a06714344d4ab645cfc7ea90514c4589ca15ac6aa0d8 71963c1f67e1ae74ea73b451201834d6584bb901699f2f6c72d642ad0dfefb7235c573c4a5b3404424e6657a0eb020b9
EXPORTER_SECRET bb9286e29df9696aac46a06714344d4ab645cfc7ea90514c4589ca15ac6aa0d8 d120d748015cd6941da313703995c30da673fb2dd2fb8a819626fe75227cfea36fd566375cde7de0a6dd4bc1e956590b
SERVER_TRAFFIC_SECRET_0 bb9286e29df9696aac46a06714344d4ab645cfc7ea90514c4589ca15ac6aa0d8 732e6de3deb28ad7ffd6842eda95d743a63528b04739d596985e93ca9c2da76acc63727f0fcd51b13f207ed28d8b9134
CLIENT_HANDSHAKE_TRAFFIC_SECRET bb9286e29df9696aac46a06714344d4ab645cfc7ea90514c4589ca15ac6aa0d8 b5f9c66b3aa7d67a14292c69643d5853ba21e6e248abc8eab10ce739f7a4551917d32e0de3ea78978733c8d363bfd80c
CLIENT_TRAFFIC_SECRET_0 bb9286e29df9696aac46a06714344d4ab645cfc7ea90514c4589ca15ac6aa0d8 d104f74965964b445842ba48e4ce11a08dc4d0a62db3ba1d30acf29b3e1b3bf9647bd383d31dccf19ba30a076fe8707c
